[debug] [2018-08-19T02:55:28.255Z] ----------------------------------------------------------------------
[debug] [2018-08-19T02:55:28.257Z] Command:       /usr/bin/node /usr/local/bin/firebase serve
[debug] [2018-08-19T02:55:28.257Z] CLI Version:   4.1.2
[debug] [2018-08-19T02:55:28.257Z] Platform:      linux
[debug] [2018-08-19T02:55:28.257Z] Node Version:  v8.10.0
[debug] [2018-08-19T02:55:28.257Z] Time:          Sat Aug 18 2018 23:55:28 GMT-0300 (-03)
[debug] [2018-08-19T02:55:28.258Z] ----------------------------------------------------------------------
[debug] 
[debug] [2018-08-19T02:55:28.264Z] > command requires scopes: ["email","openid","https://www.googleapis.com/auth/cloudplatformprojects.readonly","https://www.googleapis.com/auth/firebase","https://www.googleapis.com/auth/cloud-platform"]
[debug] [2018-08-19T02:55:28.264Z] > authorizing via signed-in user
[debug] [2018-08-19T02:55:28.265Z] > refreshing access token with scopes: ["email","https://www.googleapis.com/auth/cloud-platform","https://www.googleapis.com/auth/cloudplatformprojects.readonly","https://www.googleapis.com/auth/firebase","openid"]
[debug] [2018-08-19T02:55:28.265Z] >>> HTTP REQUEST POST https://www.googleapis.com/oauth2/v3/token  

[debug] [2018-08-19T02:55:28.786Z] <<< HTTP RESPONSE 200
[debug] [2018-08-19T02:55:28.822Z] >>> HTTP REQUEST GET https://admin.firebase.com/v1/projects/fir-hosting-70332  
 
[debug] [2018-08-19T02:55:30.315Z] <<< HTTP RESPONSE 200
[debug] [2018-08-19T02:55:30.318Z] >>> HTTP REQUEST GET https://cloudresourcemanager.googleapis.com/v1/projects/fir-hosting-70332  
 
[debug] [2018-08-19T02:55:31.440Z] <<< HTTP RESPONSE 200
[info] 
[info] === Serving from '/home/unkwon/code/firebase-hosting'...
[info] 
[debug] [2018-08-19T02:55:31.444Z] >>> HTTP REQUEST GET https://mobilesdk-pa.googleapis.com/v1/projects/490551164537/clients/_:getWebAppConfig  
 
[debug] [2018-08-19T02:55:32.055Z] <<< HTTP RESPONSE 200
[info] i  hosting: Serving hosting files from: public
[info] ✔  hosting: Local server: http://localhost:5000

